<?xml version="1.0" encoding="UTF-8"?>
<testsuite xmlns:xsi="http://www.w3.org/2001/XMLSchema-instance" xsi:noNamespaceSchemaLocation="https://maven.apache.org/surefire/maven-surefire-plugin/xsd/surefire-test-report-3.0.xsd" version="3.0" name="com.storix.client.EndToEndIntegrationTest" time="5.285" tests="1" errors="0" skipped="0" failures="0">
  <properties>
[...]
</properties>
  <testcase name="testUploadDownloadAndFailover" classname="com.storix.client.EndToEndIntegrationTest" time="5.284">
    <system-out><![CDATA[[HEALTH] Monitor started (timeout=2000ms, interval=500ms)
Metadata server listening on port 37481
[REGISTRY] Node registered: node-c 127.0.0.1:38809
[REGISTRY] Node registered: node-a 127.0.0.1:34437
[REGISTRY] Node registered: node-b 127.0.0.1:39771
Registered with metadata server at 127.0.0.1:37481
Registered with metadata server at 127.0.0.1:37481
Registered with metadata server at 127.0.0.1:37481
Storage node node-a listening on 127.0.0.1:34437
Storage node node-b listening on 127.0.0.1:39771
Storage node node-c listening on 127.0.0.1:38809
Uploading test.bin
File size: 5242880 bytes
Uploading chunk 1
[PLACEMENT] chunk-0 → node-a,node-b
Uploading chunk 2
[PLACEMENT] chunk-1 → node-b,node-c
Uploading chunk 3
[PLACEMENT] chunk-2 → node-c,node-a
Uploading chunk 4
[PLACEMENT] chunk-3 → node-a,node-b
Uploading chunk 5
[PLACEMENT] chunk-4 → node-b,node-c
Total chunks: 5
Upload successful
Downloading test.bin
Chunks to download: 5
Downloading chunk 1/5
Downloading chunk 2/5
Downloading chunk 3/5
Downloading chunk 4/5
Downloading chunk 5/5
Download successful: /tmp/junit15310263997475031410/recovered.bin
Node B stopped for failover test
[HEALTH] Node node-b marked UNHEALTHY
[HEALTH] Detected 1 newly unhealthy node(s): node-b
[REPAIR] Triggering automatic repair...
[REPAIR] chunk 60193c9e-1fab-4031-b6a3-26878f7ec6f7-chunk-3 source=node-a destination=node-c
[REPAIR] chunk 60193c9e-1fab-4031-b6a3-26878f7ec6f7-chunk-1 source=node-c destination=node-a
[REPAIR] chunk 60193c9e-1fab-4031-b6a3-26878f7ec6f7-chunk-0 source=node-a destination=node-c
[REPAIR] chunk 60193c9e-1fab-4031-b6a3-26878f7ec6f7-chunk-4 source=node-c destination=node-a
[REPAIR] chunk 60193c9e-1fab-4031-b6a3-26878f7ec6f7-chunk-1 SUCCESS — replicated to node-a
[REPAIR] chunk 60193c9e-1fab-4031-b6a3-26878f7ec6f7-chunk-4 SUCCESS — replicated to node-a
[REPAIR] chunk 60193c9e-1fab-4031-b6a3-26878f7ec6f7-chunk-3 SUCCESS — replicated to node-c
[REPAIR] chunk 60193c9e-1fab-4031-b6a3-26878f7ec6f7-chunk-0 SUCCESS — replicated to node-c
[REPAIR] Complete: scanned=4 repaired=4 failed=0 healthy=0
Downloading test.bin
Chunks to download: 5
Downloading chunk 1/5
Downloading chunk 2/5
[GET] node-b unavailable (not in active nodes)
Downloading chunk 3/5
Downloading chunk 4/5
Downloading chunk 5/5
[GET] node-b unavailable (not in active nodes)
Download successful: /tmp/junit15310263997475031410/recovered2.bin
[REGISTRY] Node re-registered: node-b 127.0.0.1:39771
Registered with metadata server at 127.0.0.1:37481
Storage node node-b listening on 127.0.0.1:39771
]]></system-out>
  </testcase>
</testsuite>